<?xml version="1.0" encoding="UTF-8"?>
<!-- Generated by org.testng.reporters.JUnitXMLReporter -->
<testsuite hostname="DESKTOP-V0OJO3P" name="Default test" tests="4" failures="0" timestamp="7 Jul 2020 16:56:44 GMT" time="226.612" errors="0">
  <testcase name="navigateToDashboard" time="31.608" classname="com.test.UserTest"/>
  <testcase name="clickOnUser" time="31.394" classname="com.test.UserTest"/>
  <testcase name="clickAddUser" time="35.009" classname="com.test.UserTest"/>
  <testcase name="addUserTest" time="90.851" classname="com.test.UserTest"/>
</testsuite> <!-- Default test -->
